{"level":"info","message":"listening on port 3400..........","timestamp":"2023-10-03T16:02:12.209Z"}
{"level":"info","message":"listening on port 3400..........","timestamp":"2023-10-06T14:34:38.135Z"}
{"level":"info","message":"listening on port 3400..........","timestamp":"2023-10-06T14:35:36.610Z"}
{"level":"info","message":"listening on port 3400..........","timestamp":"2023-10-06T14:36:19.189Z"}
{"level":"info","message":"connected to mongodb+srv://muwongelawrenceagric:Muwongeweeddetection@emotiondetection.knnlzoh.mongodb.net/?retryWrites=true&w=majority ....","timestamp":"2023-10-06T14:36:43.120Z"}
{"level":"info","message":"listening on port 3400..........","timestamp":"2023-10-06T14:37:41.972Z"}
{"level":"info","message":"connected to mongodb+srv://muwongelawrenceagric:Muwongeweeddetection@emotiondetection.knnlzoh.mongodb.net/?retryWrites=true&w=majority ....","timestamp":"2023-10-06T14:38:06.496Z"}
{"level":"info","message":"listening on port 3400..........","timestamp":"2023-10-06T14:38:32.813Z"}
{"level":"info","message":"connected to mongodb+srv://muwongelawrenceagric:Muwongeweeddetection@emotiondetection.knnlzoh.mongodb.net/?retryWrites=true&w=majority ....","timestamp":"2023-10-06T14:38:57.220Z"}
{"level":"info","message":"listening on port 3400..........","timestamp":"2023-10-06T14:39:25.164Z"}
{"level":"info","message":"connected to mongodb+srv://muwongelawrenceagric:Muwongeweeddetection@emotiondetection.knnlzoh.mongodb.net/?retryWrites=true&w=majority ....","timestamp":"2023-10-06T14:39:49.145Z"}
{"level":"info","message":"listening on port 3400..........","timestamp":"2023-10-06T14:55:26.354Z"}
{"level":"info","message":"listening on port 3400..........","timestamp":"2023-10-06T14:58:07.463Z"}
{"level":"info","message":"connected to mongodb+srv://muwongelawrenceagric:Muwongeweeddetection@emotiondetection.knnlzoh.mongodb.net/?retryWrites=true&w=majority ....","timestamp":"2023-10-06T14:58:31.619Z"}
{"level":"info","message":"listening on port 3400..........","timestamp":"2023-10-06T15:45:52.720Z"}
{"level":"info","message":"listening on port 3400..........","timestamp":"2023-10-06T15:46:05.319Z"}
{"level":"info","message":"listening on port 3400..........","timestamp":"2023-10-06T15:46:10.244Z"}
{"level":"info","message":"listening on port 3400..........","timestamp":"2023-10-06T15:46:13.797Z"}
{"level":"info","message":"listening on port 3400..........","timestamp":"2023-10-06T15:46:16.872Z"}
{"level":"info","message":"listening on port 3400..........","timestamp":"2023-10-06T15:46:18.487Z"}
{"level":"info","message":"listening on port 3400..........","timestamp":"2023-10-06T15:46:22.403Z"}
{"level":"info","message":"connected to mongodb+srv://muwongelawrenceagric:Muwongeweeddetection@emotiondetection.knnlzoh.mongodb.net/?retryWrites=true&w=majority ....","timestamp":"2023-10-06T15:46:46.417Z"}
{"level":"info","message":"listening on port 3400..........","timestamp":"2023-10-06T15:48:11.044Z"}
{"level":"info","message":"listening on port 3400..........","timestamp":"2023-10-06T15:48:12.983Z"}
{"level":"info","message":"listening on port 3400..........","timestamp":"2023-10-06T15:48:29.626Z"}
{"level":"info","message":"listening on port 3400..........","timestamp":"2023-10-06T15:48:35.324Z"}
{"level":"info","message":"connected to mongodb+srv://muwongelawrenceagric:Muwongeweeddetection@emotiondetection.knnlzoh.mongodb.net/?retryWrites=true&w=majority ....","timestamp":"2023-10-06T15:48:58.915Z"}
{"level":"info","message":"listening on port 3400..........","timestamp":"2023-10-06T15:50:01.604Z"}
{"level":"info","message":"connected to mongodb+srv://muwongelawrenceagric:Muwongeweeddetection@emotiondetection.knnlzoh.mongodb.net/?retryWrites=true&w=majority ....","timestamp":"2023-10-06T15:50:26.057Z"}
{"level":"info","message":"listening on port 3400..........","timestamp":"2023-10-06T15:50:40.801Z"}
{"level":"info","message":"listening on port 3400..........","timestamp":"2023-10-06T15:51:04.773Z"}
{"level":"info","message":"listening on port 3400..........","timestamp":"2023-10-06T15:51:12.494Z"}
{"level":"info","message":"listening on port 3400..........","timestamp":"2023-10-06T15:51:16.407Z"}
{"level":"info","message":"listening on port 3400..........","timestamp":"2023-10-06T15:51:31.941Z"}
{"level":"info","message":"connected to mongodb+srv://muwongelawrenceagric:Muwongeweeddetection@emotiondetection.knnlzoh.mongodb.net/?retryWrites=true&w=majority ....","timestamp":"2023-10-06T15:51:56.070Z"}
{"level":"info","message":"listening on port 3400..........","timestamp":"2023-10-06T15:55:33.122Z"}
{"level":"info","message":"listening on port 3400..........","timestamp":"2023-10-06T15:55:34.631Z"}
{"level":"info","message":"listening on port 3400..........","timestamp":"2023-10-06T15:55:37.881Z"}
{"level":"info","message":"connected to mongodb+srv://muwongelawrenceagric:Muwongeweeddetection@emotiondetection.knnlzoh.mongodb.net/?retryWrites=true&w=majority ....","timestamp":"2023-10-06T15:56:02.159Z"}
{"level":"info","message":"listening on port 3400..........","timestamp":"2023-10-06T15:56:45.003Z"}
{"level":"info","message":"connected to mongodb+srv://muwongelawrenceagric:Muwongeweeddetection@emotiondetection.knnlzoh.mongodb.net/?retryWrites=true&w=majority ....","timestamp":"2023-10-06T15:57:09.193Z"}
{"level":"info","message":"listening on port 3400..........","timestamp":"2023-10-06T15:57:14.861Z"}
{"level":"info","message":"listening on port 3400..........","timestamp":"2023-10-06T15:57:16.140Z"}
{"level":"info","message":"connected to mongodb+srv://muwongelawrenceagric:Muwongeweeddetection@emotiondetection.knnlzoh.mongodb.net/?retryWrites=true&w=majority ....","timestamp":"2023-10-06T15:57:40.127Z"}
{"level":"info","message":"listening on port 3400..........","timestamp":"2023-10-06T16:03:02.199Z"}
{"level":"info","message":"listening on port 3400..........","timestamp":"2023-10-06T16:03:06.113Z"}
{"level":"info","message":"listening on port 3400..........","timestamp":"2023-10-06T16:03:08.960Z"}
{"level":"info","message":"listening on port 3400..........","timestamp":"2023-10-06T16:03:14.481Z"}
{"level":"info","message":"listening on port 3400..........","timestamp":"2023-10-06T16:03:26.904Z"}
{"level":"info","message":"connected to mongodb+srv://muwongelawrenceagric:Muwongeweeddetection@emotiondetection.knnlzoh.mongodb.net/?retryWrites=true&w=majority ....","timestamp":"2023-10-06T16:03:51.197Z"}
{"level":"error","message":"Cannot read properties of undefined (reading 'image')","timestamp":"2023-10-06T16:14:48.123Z"}
{"level":"info","message":"listening on port 3400..........","timestamp":"2023-10-07T02:31:10.630Z"}
{"level":"info","message":"listening on port 3400..........","timestamp":"2023-10-07T02:31:22.276Z"}
{"level":"info","message":"listening on port 3400..........","timestamp":"2023-10-07T02:31:25.719Z"}
{"level":"info","message":"listening on port 3400..........","timestamp":"2023-10-07T02:31:29.651Z"}
{"level":"info","message":"connected to mongodb+srv://muwongelawrenceagric:Muwongeweeddetection@emotiondetection.knnlzoh.mongodb.net/?retryWrites=true&w=majority ....","timestamp":"2023-10-07T02:31:58.675Z"}
{"level":"error","message":"Cannot read properties of undefined (reading 'image')","timestamp":"2023-10-07T02:39:08.173Z"}
{"level":"error","message":"Cannot read properties of undefined (reading 'image')","timestamp":"2023-10-07T02:39:09.899Z"}
{"level":"info","message":"listening on port 3400..........","timestamp":"2023-10-07T02:40:35.708Z"}
{"level":"info","message":"listening on port 3400..........","timestamp":"2023-10-07T02:40:49.105Z"}
{"level":"info","message":"listening on port 3400..........","timestamp":"2023-10-07T02:40:53.153Z"}
{"level":"info","message":"listening on port 3400..........","timestamp":"2023-10-07T02:40:55.083Z"}
{"level":"info","message":"connected to mongodb+srv://muwongelawrenceagric:Muwongeweeddetection@emotiondetection.knnlzoh.mongodb.net/?retryWrites=true&w=majority ....","timestamp":"2023-10-07T02:41:23.905Z"}
{"level":"error","message":"Cannot read properties of undefined (reading 'image')","timestamp":"2023-10-07T02:41:35.357Z"}
{"level":"info","message":"listening on port 3400..........","timestamp":"2023-10-07T02:43:01.930Z"}
{"level":"info","message":"listening on port 3400..........","timestamp":"2023-10-07T02:43:11.532Z"}
{"level":"info","message":"connected to mongodb+srv://muwongelawrenceagric:Muwongeweeddetection@emotiondetection.knnlzoh.mongodb.net/?retryWrites=true&w=majority ....","timestamp":"2023-10-07T02:43:40.141Z"}
{"level":"info","message":"listening on port 3400..........","timestamp":"2023-10-07T02:43:59.957Z"}
{"level":"info","message":"listening on port 3400..........","timestamp":"2023-10-07T02:44:02.424Z"}
{"level":"info","message":"listening on port 3400..........","timestamp":"2023-10-07T02:44:04.063Z"}
{"level":"info","message":"listening on port 3400..........","timestamp":"2023-10-07T02:44:08.620Z"}
{"level":"info","message":"listening on port 3400..........","timestamp":"2023-10-07T02:44:12.408Z"}
{"level":"info","message":"listening on port 3400..........","timestamp":"2023-10-07T02:44:14.019Z"}
{"level":"info","message":"listening on port 3400..........","timestamp":"2023-10-07T02:44:18.053Z"}
{"level":"info","message":"listening on port 3400..........","timestamp":"2023-10-07T02:44:25.008Z"}
{"level":"info","message":"listening on port 3400..........","timestamp":"2023-10-07T02:44:27.620Z"}
{"level":"info","message":"listening on port 3400..........","timestamp":"2023-10-07T02:44:32.426Z"}
{"level":"info","message":"connected to mongodb+srv://muwongelawrenceagric:Muwongeweeddetection@emotiondetection.knnlzoh.mongodb.net/?retryWrites=true&w=majority ....","timestamp":"2023-10-07T02:45:02.665Z"}
{"level":"error","message":"Cannot read properties of undefined (reading '0')","timestamp":"2023-10-07T02:47:12.047Z"}
{"level":"info","message":"listening on port 3400..........","timestamp":"2023-10-07T03:09:53.441Z"}
{"level":"info","message":"listening on port 3400..........","timestamp":"2023-10-07T03:10:47.452Z"}
{"level":"info","message":"listening on port 3400..........","timestamp":"2023-10-07T03:10:58.239Z"}
{"level":"info","message":"listening on port 3400..........","timestamp":"2023-10-07T03:11:00.345Z"}
{"level":"info","message":"listening on port 3400..........","timestamp":"2023-10-07T03:11:05.137Z"}
{"level":"error","message":"Cannot read properties of undefined (reading '0')","timestamp":"2023-10-07T03:11:12.499Z"}
{"level":"info","message":"listening on port 3400..........","timestamp":"2023-10-07T03:11:40.335Z"}
{"level":"info","message":"connected to mongodb+srv://muwongelawrenceagric:Muwongeweeddetection@emotiondetection.knnlzoh.mongodb.net/?retryWrites=true&w=majority ....","timestamp":"2023-10-07T03:12:10.538Z"}
{"level":"error","message":"Cannot read properties of undefined (reading '0')","timestamp":"2023-10-07T03:12:21.362Z"}
{"level":"error","message":"Cannot read properties of undefined (reading '0')","timestamp":"2023-10-07T03:12:23.160Z"}
{"level":"info","message":"listening on port 3400..........","timestamp":"2023-10-07T03:13:07.257Z"}
{"level":"info","message":"listening on port 3400..........","timestamp":"2023-10-07T03:13:11.876Z"}
{"level":"info","message":"connected to mongodb+srv://muwongelawrenceagric:Muwongeweeddetection@emotiondetection.knnlzoh.mongodb.net/?retryWrites=true&w=majority ....","timestamp":"2023-10-07T03:13:40.864Z"}
{"level":"info","message":"listening on port 3400..........","timestamp":"2023-10-07T03:15:38.733Z"}
{"level":"info","message":"listening on port 3400..........","timestamp":"2023-10-07T03:15:43.313Z"}
{"level":"info","message":"listening on port 3400..........","timestamp":"2023-10-07T03:15:46.109Z"}
{"level":"info","message":"listening on port 3400..........","timestamp":"2023-10-07T03:15:48.682Z"}
{"level":"info","message":"listening on port 3400..........","timestamp":"2023-10-07T03:15:59.017Z"}
{"level":"info","message":"connected to mongodb+srv://muwongelawrenceagric:Muwongeweeddetection@emotiondetection.knnlzoh.mongodb.net/?retryWrites=true&w=majority ....","timestamp":"2023-10-07T03:16:28.795Z"}
{"level":"info","message":"listening on port 3400..........","timestamp":"2023-10-07T03:17:40.986Z"}
{"level":"info","message":"connected to mongodb+srv://muwongelawrenceagric:Muwongeweeddetection@emotiondetection.knnlzoh.mongodb.net/?retryWrites=true&w=majority ....","timestamp":"2023-10-07T03:18:10.169Z"}
{"level":"error","message":"Cannot read properties of undefined (reading 'length')","timestamp":"2023-10-07T03:18:38.245Z"}
{"level":"info","message":"listening on port 3400..........","timestamp":"2023-10-07T03:20:47.128Z"}
{"level":"info","message":"connected to mongodb+srv://muwongelawrenceagric:Muwongeweeddetection@emotiondetection.knnlzoh.mongodb.net/?retryWrites=true&w=majority ....","timestamp":"2023-10-07T03:21:15.918Z"}
{"level":"info","message":"listening on port 3400..........","timestamp":"2023-10-07T03:22:47.058Z"}
{"level":"info","message":"listening on port 3400..........","timestamp":"2023-10-07T03:22:49.426Z"}
{"level":"info","message":"connected to mongodb+srv://muwongelawrenceagric:Muwongeweeddetection@emotiondetection.knnlzoh.mongodb.net/?retryWrites=true&w=majority ....","timestamp":"2023-10-07T03:23:18.385Z"}
{"level":"info","message":"listening on port 3400..........","timestamp":"2023-10-07T03:23:40.223Z"}
{"level":"info","message":"connected to mongodb+srv://muwongelawrenceagric:Muwongeweeddetection@emotiondetection.knnlzoh.mongodb.net/?retryWrites=true&w=majority ....","timestamp":"2023-10-07T03:24:09.381Z"}
{"level":"error","message":"detection is not defined","timestamp":"2023-10-07T03:24:14.759Z"}
{"level":"info","message":"listening on port 3400..........","timestamp":"2023-10-07T03:24:26.759Z"}
{"level":"info","message":"listening on port 3400..........","timestamp":"2023-10-07T03:24:30.527Z"}
{"level":"error","message":"Cannot read properties of undefined (reading '0')","timestamp":"2023-10-07T03:24:48.093Z"}
{"level":"info","message":"listening on port 3400..........","timestamp":"2023-10-07T03:24:58.096Z"}
{"level":"info","message":"listening on port 3400..........","timestamp":"2023-10-07T03:25:00.224Z"}
{"level":"info","message":"listening on port 3400..........","timestamp":"2023-10-07T03:25:05.616Z"}
{"level":"info","message":"listening on port 3400..........","timestamp":"2023-10-07T03:25:08.522Z"}
{"level":"info","message":"listening on port 3400..........","timestamp":"2023-10-07T03:25:33.124Z"}
{"level":"info","message":"listening on port 3400..........","timestamp":"2023-10-07T03:25:36.512Z"}
{"level":"info","message":"listening on port 3400..........","timestamp":"2023-10-07T03:25:40.636Z"}
{"level":"error","message":"Region is missing","timestamp":"2023-10-07T03:26:07.499Z"}
{"level":"info","message":"connected to mongodb+srv://muwongelawrenceagric:Muwongeweeddetection@emotiondetection.knnlzoh.mongodb.net/?retryWrites=true&w=majority ....","timestamp":"2023-10-07T03:26:09.594Z"}
{"level":"info","message":"listening on port 3400..........","timestamp":"2023-10-07T03:27:09.292Z"}
{"level":"info","message":"connected to mongodb+srv://muwongelawrenceagric:Muwongeweeddetection@emotiondetection.knnlzoh.mongodb.net/?retryWrites=true&w=majority ....","timestamp":"2023-10-07T03:27:46.755Z"}
{"level":"error","message":"Region is missing","timestamp":"2023-10-07T03:29:22.067Z"}
{"level":"error","message":"Region is missing","timestamp":"2023-10-07T03:31:06.145Z"}
{"level":"info","message":"listening on port 3400..........","timestamp":"2023-10-07T03:32:34.788Z"}
{"level":"info","message":"listening on port 3400..........","timestamp":"2023-10-07T03:32:36.834Z"}
{"level":"info","message":"connected to mongodb+srv://muwongelawrenceagric:Muwongeweeddetection@emotiondetection.knnlzoh.mongodb.net/?retryWrites=true&w=majority ....","timestamp":"2023-10-07T03:33:05.465Z"}
{"level":"error","message":"Region is missing","timestamp":"2023-10-07T03:43:18.973Z"}
{"level":"info","message":"listening on port 3400..........","timestamp":"2023-10-07T03:45:29.647Z"}
{"level":"info","message":"listening on port 3400..........","timestamp":"2023-10-07T03:45:37.363Z"}
{"level":"info","message":"listening on port 3400..........","timestamp":"2023-10-07T03:45:43.701Z"}
{"level":"error","message":"Region is missing","timestamp":"2023-10-07T03:46:12.569Z"}
{"level":"info","message":"connected to mongodb+srv://muwongelawrenceagric:Muwongeweeddetection@emotiondetection.knnlzoh.mongodb.net/?retryWrites=true&w=majority ....","timestamp":"2023-10-07T03:46:12.925Z"}
{"level":"error","message":"Region is missing","timestamp":"2023-10-07T04:18:44.116Z"}
{"level":"info","message":"listening on port 3400..........","timestamp":"2023-10-07T04:19:03.147Z"}
{"level":"info","message":"connected to mongodb+srv://muwongelawrenceagric:Muwongeweeddetection@emotiondetection.knnlzoh.mongodb.net/?retryWrites=true&w=majority ....","timestamp":"2023-10-07T04:19:32.191Z"}
